+b 11
Breakpoint 1 at 0x401482: file c:\Users\adity\github-classroom\FPC-advanced\fpc-advanced-classroom-1st-year-assignment-Adi5424k\set04\problem03.c, line 11.
+b 12
Breakpoint 2 at 0x40149a: file c:\Users\adity\github-classroom\FPC-advanced\fpc-advanced-classroom-1st-year-assignment-Adi5424k\set04\problem03.c, line 12.
+r
Starting program: c:\Users\adity\github-classroom\FPC-advanced\fpc-advanced-classroom-1st-year-assignment-Adi5424k\set04/./problem03.exe 
[New Thread 12112.0x4548]
[New Thread 12112.0x4364]

Breakpoint 1, main ()
    at c:\Users\adity\github-classroom\FPC-advanced\fpc-advanced-classroom-1st-year-assignment-Adi5424k\set04\problem03.c:11
11	    ncr=nCr(n,r);
+print n
$1 = 6
+print r
$2 = 3
+n

Breakpoint 2, main ()
    at c:\Users\adity\github-classroom\FPC-advanced\fpc-advanced-classroom-1st-year-assignment-Adi5424k\set04\problem03.c:12
12	    output(n,r,ncr);
+print ncr
$3 = 20
+n
13	    return 0;
+n
14	}
+b
Breakpoint 3 at 0x4014bb: file c:\Users\adity\github-classroom\FPC-advanced\fpc-advanced-classroom-1st-year-assignment-Adi5424k\set04\problem03.c, line 14.
+n
0x00401288 in __register_frame_info ()
+n
Single stepping until exit from function __register_frame_info,
which has no line number information.
0x0040128a in __register_frame_info ()
+q
A debugging session is active.

	Inferior 1 [process 12112] will be killed.

Quit anyway? (y or n) error return ../../gdb-7.6.1/gdb/windows-nat.c:1275 was 5
