+b 15
Breakpoint 1 at 0x4014e1: file c:\Users\adity\github-classroom\FPC-advanced\fpc-advanced-classroom-1st-year-assignment-Adi5424k\set04\problem04.c, line 15.
+b 17
Breakpoint 2 at 0x401511: file c:\Users\adity\github-classroom\FPC-advanced\fpc-advanced-classroom-1st-year-assignment-Adi5424k\set04\problem04.c, line 17.
+r
Starting program: c:\Users\adity\github-classroom\FPC-advanced\fpc-advanced-classroom-1st-year-assignment-Adi5424k\set04/./problem04.exe 
[New Thread 22176.0x5b2c]
[New Thread 22176.0x5628]

Breakpoint 1, main ()
    at c:\Users\adity\github-classroom\FPC-advanced\fpc-advanced-classroom-1st-year-assignment-Adi5424k\set04\problem04.c:15
15	    x=input_x();
+print n
$1 = 3
+print a[0]
$2 = 7
+print a[1]
$3 = -5
+print a[2]
$4 = 2
+print a[3]
$5 = 3
+n
16	    r=evaluate_polynomial(n,a,x);
+print x
$6 = 2
+print r
$7 = 0
+b 17
Note: breakpoint 2 also set at pc 0x401511.
Breakpoint 3 at 0x401511: file c:\Users\adity\github-classroom\FPC-advanced\fpc-advanced-classroom-1st-year-assignment-Adi5424k\set04\problem04.c, line 17.
+n

Breakpoint 2, main ()
    at c:\Users\adity\github-classroom\FPC-advanced\fpc-advanced-classroom-1st-year-assignment-Adi5424k\set04\problem04.c:17
17	    output(n,a,x,r);
+print r
$8 = 29
+n
18	    return 0;
+n
19	}
+n
0x00401288 in __register_frame_info ()
+q
A debugging session is active.

	Inferior 1 [process 22176] will be killed.

Quit anyway? (y or n) error return ../../gdb-7.6.1/gdb/windows-nat.c:1275 was 5
