+b 20
Breakpoint 1 at 0x4014c7: file c:\Users\adity\github-classroom\FPC-advanced\fpc-advanced-classroom-1st-year-assignment-Adi5424k\set04\problem02.c, line 20.
+r
Starting program: c:\Users\adity\github-classroom\FPC-advanced\fpc-advanced-classroom-1st-year-assignment-Adi5424k\set04/./problem02.exe 
[New Thread 5300.0x1588]
[New Thread 5300.0x4588]

Breakpoint 1, smallest3 (x=..., y=..., z=...)
    at c:\Users\adity\github-classroom\FPC-advanced\fpc-advanced-classroom-1st-year-assignment-Adi5424k\set04\problem02.c:20
20	    float k=(xf<yf)?((xf<zf)?xf:zf):((yf<zf)?yf:zf);
+print xf
$1 = 0
+print yf
$2 = 0
+n
21	    if(k==xf)
+n
23	        return x;
+n
33	}
+n
main ()
    at c:\Users\adity\github-classroom\FPC-advanced\fpc-advanced-classroom-1st-year-assignment-Adi5424k\set04\problem02.c:47
47	    output(x,y,z,smallest);
+q
A debugging session is active.

	Inferior 1 [process 5300] will be killed.

Quit anyway? (y or n) error return ../../gdb-7.6.1/gdb/windows-nat.c:1275 was 5
+b 20
Breakpoint 1 at 0x4014d6: file c:\Users\adity\github-classroom\FPC-advanced\fpc-advanced-classroom-1st-year-assignment-Adi5424k\set04\problem02.c, line 20.
+r
Starting program: c:\Users\adity\github-classroom\FPC-advanced\fpc-advanced-classroom-1st-year-assignment-Adi5424k\set04/./problem02.exe 
[New Thread 9432.0x838]
[New Thread 9432.0x1e04]

Breakpoint 1, smallest3 (x=..., y=..., z=...)
    at c:\Users\adity\github-classroom\FPC-advanced\fpc-advanced-classroom-1st-year-assignment-Adi5424k\set04\problem02.c:20
20	    float k=(xf<yf)?((xf<zf)?xf:zf):((yf<zf)?yf:zf);
+print xf
$1 = 0.5
+print yf
$2 = 0.333333343
+printf zf
Bad format string, missing '"'.
+print zf
$3 = 0.25
+n
21	    if(k==xf)
+n
25	    else if(k==yf)
+n
31	        return z;
+n
33	}
+n
main ()
    at c:\Users\adity\github-classroom\FPC-advanced\fpc-advanced-classroom-1st-year-assignment-Adi5424k\set04\problem02.c:47
47	    output(x,y,z,smallest);
+n
48	    return 0;
+n
49	}+n
0x00401288 in __register_frame_info ()
+q
A debugging session is active.

	Inferior 1 [process 9432] will be killed.

Quit anyway? (y or n) error return ../../gdb-7.6.1/gdb/windows-nat.c:1275 was 5
