+b 73
No symbol table is loaded.  Use the "file" command.
+q
+b 20
Breakpoint 1 at 0x401483: file c:\Users\adity\github-classroom\FPC-advanced\fpc-advanced-classroom-1st-year-assignment-Adi5424k\set04\problem08.c, line 20.
+b 22
Breakpoint 2 at 0x4014d4: file c:\Users\adity\github-classroom\FPC-advanced\fpc-advanced-classroom-1st-year-assignment-Adi5424k\set04\problem08.c, line 22.
+b 23
Breakpoint 3 at 0x4014ec: file c:\Users\adity\github-classroom\FPC-advanced\fpc-advanced-classroom-1st-year-assignment-Adi5424k\set04\problem08.c, line 23.
+r
Starting program: c:\Users\adity\github-classroom\FPC-advanced\fpc-advanced-classroom-1st-year-assignment-Adi5424k\set04/./problem08.exe 
[New Thread 18124.0x365c]
[New Thread 18124.0x48d8]

Breakpoint 1, main ()
    at c:\Users\adity\github-classroom\FPC-advanced\fpc-advanced-classroom-1st-year-assignment-Adi5424k\set04\problem08.c:20
20	    Fraction f[n];
+print n
$1 = 3
+n
21	    input_n_fractions(n,f);
+4 3
Undefined command: "4".  Try "help".
+n

Breakpoint 2, main ()
    at c:\Users\adity\github-classroom\FPC-advanced\fpc-advanced-classroom-1st-year-assignment-Adi5424k\set04\problem08.c:22
22	    Fraction sum=add_n_fractions(n,f);
+print f
$2 = 0x61fed0
+print f[0]
$3 = {num = 4, den = 3}
+print f[1]
$4 = {num = 8, den = 9}
+print f[2]
$5 = {num = 1, den = 2}
+n

Breakpoint 3, main ()
    at c:\Users\adity\github-classroom\FPC-advanced\fpc-advanced-classroom-1st-year-assignment-Adi5424k\set04\problem08.c:23
23	    output(n,f,sum);
+print sum
$6 = {num = 49, den = 18}
+n
24	    return 0;
+n
25	}
+n
0x00401288 in __register_frame_info ()
+q
A debugging session is active.

	Inferior 1 [process 18124] will be killed.

Quit anyway? (y or n) error return ../../gdb-7.6.1/gdb/windows-nat.c:1275 was 5
