+b 12
Breakpoint 1 at 0x401483: file c:\Users\adity\github-classroom\FPC-advanced\fpc-advanced-classroom-1st-year-assignment-Adi5424k\set04\problem05.c, line 12.
+b 14
Breakpoint 2 at 0x4014d4: file c:\Users\adity\github-classroom\FPC-advanced\fpc-advanced-classroom-1st-year-assignment-Adi5424k\set04\problem05.c, line 14.
+b 15
Breakpoint 3 at 0x4014e9: file c:\Users\adity\github-classroom\FPC-advanced\fpc-advanced-classroom-1st-year-assignment-Adi5424k\set04\problem05.c, line 15.
+r
Starting program: c:\Users\adity\github-classroom\FPC-advanced\fpc-advanced-classroom-1st-year-assignment-Adi5424k\set04/./problem05.exe 
[New Thread 3008.0x47f0]
[New Thread 3008.0x2d08]

Breakpoint 1, main ()
    at c:\Users\adity\github-classroom\FPC-advanced\fpc-advanced-classroom-1st-year-assignment-Adi5424k\set04\problem05.c:12
12	    int a[x];
+print x
$1 = 3
+n
13	    input_array(x,a);
+n

Breakpoint 2, main ()
    at c:\Users\adity\github-classroom\FPC-advanced\fpc-advanced-classroom-1st-year-assignment-Adi5424k\set04\problem05.c:14
14	    lrg=find_largest_index(x,a);
+printf a[0]
Bad format string, missing '"'.
+print a[0]
$2 = 1
+print a[1]
$3 = 2
+print a[2]
$4 = 3
+n

Breakpoint 3, main ()
    at c:\Users\adity\github-classroom\FPC-advanced\fpc-advanced-classroom-1st-year-assignment-Adi5424k\set04\problem05.c:15
15	    output(lrg);
+print lrg
$5 = 2
+n
16	    return 0;
+n
17	}
+n
0x00401288 in __register_frame_info ()
+q
A debugging session is active.

	Inferior 1 [process 3008] will be killed.

Quit anyway? (y or n) error return ../../gdb-7.6.1/gdb/windows-nat.c:1275 was 5
