+b 17
Breakpoint 1 at 0x401488: file c:\Users\adity\github-classroom\FPC-advanced\fpc-advanced-classroom-1st-year-assignment-Adi5424k\set04\problem07.c, line 17.
+b 18
Breakpoint 2 at 0x4014b4: file c:\Users\adity\github-classroom\FPC-advanced\fpc-advanced-classroom-1st-year-assignment-Adi5424k\set04\problem07.c, line 18.
+r
Starting program: c:\Users\adity\github-classroom\FPC-advanced\fpc-advanced-classroom-1st-year-assignment-Adi5424k\set04/./problem07.exe 
[New Thread 18896.0x4760]
[New Thread 18896.0x4264]

Breakpoint 1, main ()
    at c:\Users\adity\github-classroom\FPC-advanced\fpc-advanced-classroom-1st-year-assignment-Adi5424k\set04\problem07.c:17
17	    sum=add_fractions(f1,f2);
+print f1
$1 = {num = 9, den = 6}
+print f2
$2 = {num = 5, den = 6}
+n

Breakpoint 2, main ()
    at c:\Users\adity\github-classroom\FPC-advanced\fpc-advanced-classroom-1st-year-assignment-Adi5424k\set04\problem07.c:18
18	    output(f1,f2,sum);
+print sum
$3 = {num = 7, den = 3}
+n
19	    return 0;
+n
20	}
+n
0x00401288 in __register_frame_info ()
+q
A debugging session is active.

	Inferior 1 [process 18896] will be killed.

Quit anyway? (y or n) error return ../../gdb-7.6.1/gdb/windows-nat.c:1275 was 5
