Undefined command: "lset".  Try "help".
1	#include <stdio.h>
2	
3	void input(int *num1, int *den1, int *num2, int *den2);
4	void add(int num1, int den1, int num2, int den2, int *res_num, int *res_den);
5	void output(int num1, int den1, int num2, int den2, int res_num, int res_den);
6	
7	int main()
8	{
9	    int n1,n2,d1,d2,rn,rd;
10	    input(&n1,&d1,&n2,&d2);
11	    add(n1,d1,n2,d2,&rn,&rd);
12	    output(n1,d1,n2,d2,rn,rd);
13	    return 0;    
14	}
15	
16	
17	void input(int *num1, int *den1, int *num2, int *den2)
18	{
19	    printf("Enter first numerator and denomenator : ");
20	    scanf("%d%d",num1,den1);
21	    printf("Enter second numerator and denomenator: ");
22	    scanf("%d%d",num2,den2);
23	}
24	
25	void add(int num1, int den1, int num2, int den2, int *res_num, int *res_den)
26	{
27	    if(den1==den2)
28	    {
29	        *res_num=num1+num2;
30	        *res_den=den1;
31	    }
32	    else if(den2>den1)
33	    {
34	        int i=0;
35	        for(i=2;i<den2;i++)
36	        {
37	            if(den2%(i*den1)==0)
38	            {
39	                *res_num=(i*num1)+num2;
40	                *res_den=den2;
41	            }
42	        }
43	    }
44	    else
45	    {
46	        int i=0;
47	        for(i=2;i<den1;i++)
48	        {
49	            if(den1%(i*den2)==0)
50	            {
51	                *res_num=(i*num2)+num1;
52	                *res_den=den2;
53	            }
54	        }        
55	    }
56	}
57	
58	void output(int num1, int den1, int num2, int den2, int res_num, int res_den)
59	{
60	    printf("%d/%d + %d/%d = %d/%d",num1,den1,num2,den2,res_num,res_den);
61	}
Breakpoint 1 at 0x401495: file c:\Users\adity\github-classroom\FPC-advanced\fpc-advanced-classroom-1st-year-assignment-Adi5424k\set04\problem01.c, line 11.
Breakpoint 2 at 0x4014c9: file c:\Users\adity\github-classroom\FPC-advanced\fpc-advanced-classroom-1st-year-assignment-Adi5424k\set04\problem01.c, line 12.
Starting program: C:\Users\adity\github-classroom\FPC-advanced\fpc-advanced-classroom-1st-year-assignment-Adi5424k\set04/./problem01.exe 
[New Thread 17212.0x18b4]
[New Thread 17212.0x1fa0]

Breakpoint 1, main ()
    at c:\Users\adity\github-classroom\FPC-advanced\fpc-advanced-classroom-1st-year-assignment-Adi5424k\set04\problem01.c:11
11	    add(n1,d1,n2,d2,&rn,&rd);
$1 = 1
$2 = 3
$3 = 1
$4 = 2

Breakpoint 2, main ()
    at c:\Users\adity\github-classroom\FPC-advanced\fpc-advanced-classroom-1st-year-assignment-Adi5424k\set04\problem01.c:12
12	    output(n1,d1,n2,d2,rn,rd);
$5 = 6422280
$6 = -2
13	    return 0;    
14	}
0x00401288 in __register_frame_info ()
A debugging session is active.

	Inferior 1 [process 17212] will be killed.

Quit anyway? (y or n) error return ../../gdb-7.6.1/gdb/windows-nat.c:1275 was 5
