+l
warning: Source file is more recent than executable.
1	#include <stdio.h>
2	
3	int input_number();
4	int is_prime(int n);
5	void output(int n, int result);
6	
7	int main()
8	{
9	    int x,r;
10	    x=input_number();
+l
11	    r=is_prime(x);
12	    output(x,r);
13	    return 0;
14	}
15	
16	int input_number()
17	{
18	    int x;
19	    scanf("%d",&x);
20	    return x;
+l
21	}
22	
23	int is_prime(int n)
24	{
25	    if(n>1 && n<3)
26	    {
27	        return 1;
28	    }
29	    else
30	    {
+l
31	    for(int i=2;i<=n/2;i++)
32	    {
33	        return !(n%i==0);
34	    }
35	    }
36	}
37	
38	void output(int n,int result)
39	{
40	    if(result==1)
+l
41	    {
42	        printf("%d is a prime number.\n",n);
43	    }
44	    else
45	    {
46	        printf("%d is not a prime number.\n",n);
47	    }
48	}+l
Line number 49 out of range; c:\Users\adity\github-classroom\FPC-advanced\fpc-advanced-classroom-1st-year-assignment-Adi5424k\set03\problem03.c has 48 lines.
+b 11
Breakpoint 1 at 0x401477: file c:\Users\adity\github-classroom\FPC-advanced\fpc-advanced-classroom-1st-year-assignment-Adi5424k\set03\problem03.c, line 11.
+b 12
Breakpoint 2 at 0x401487: file c:\Users\adity\github-classroom\FPC-advanced\fpc-advanced-classroom-1st-year-assignment-Adi5424k\set03\problem03.c, line 12.
+r
Starting program: c:\Users\adity\github-classroom\FPC-advanced\fpc-advanced-classroom-1st-year-assignment-Adi5424k\set03/./problem03.exe 
[New Thread 16556.0x40a8]
[New Thread 16556.0x40a4]

Breakpoint 1, main ()
    at c:\Users\adity\github-classroom\FPC-advanced\fpc-advanced-classroom-1st-year-assignment-Adi5424k\set03\problem03.c:11
11	    r=is_prime(x);
+print x
$1 = 3
+n

Breakpoint 2, main ()
    at c:\Users\adity\github-classroom\FPC-advanced\fpc-advanced-classroom-1st-year-assignment-Adi5424k\set03\problem03.c:12
12	    output(x,r);
+print r
$2 = 1
+n
13	    return 0;
+n
14	}
+n
0x00401288 in __register_frame_info ()
+q
A debugging session is active.

	Inferior 1 [process 16556] will be killed.

Quit anyway? (y or n) error return ../../gdb-7.6.1/gdb/windows-nat.c:1275 was 5
