+b 14
Breakpoint 1 at 0x4014d4: file c:\Users\adity\github-classroom\FPC-advanced\fpc-advanced-classroom-1st-year-assignment-Adi5424k\set03\problem05.c, line 14.
+r
Starting program: C:\Users\adity\github-classroom\FPC-advanced\fpc-advanced-classroom-1st-year-assignment-Adi5424k\set03/./problem05.exe 
[New Thread 2576.0x21d8]
[New Thread 2576.0x48cc]

Breakpoint 1, main ()
    at c:\Users\adity\github-classroom\FPC-advanced\fpc-advanced-classroom-1st-year-assignment-Adi5424k\set03\problem05.c:14
warning: Source file is more recent than executable.
14	    erotosthenes_sieve(x,a);
+print a[0]
$1 = 1
+a[34]
Ambiguous command "a[34]": .
+print a[34]
$2 = 35
+print a[2]
$3 = 3
+a[1]
Ambiguous command "a[1]": .
+print a[1]
$4 = 2
+q
A debugging session is active.

	Inferior 1 [process 2576] will be killed.

Quit anyway? (y or n) error return ../../gdb-7.6.1/gdb/windows-nat.c:1275 was 5
