+l
warning: Source file is more recent than executable.
3	
4	void input_triangle(float *x1, float *y1, float *x2, float *y2, float *x3, float *y3);
5	int is_triangle(float x1, float y1, float x2, float y2,float x3, float y3);
6	void output(float x1, float y1, float x2, float y2,float x3, float y3, int result);
7	
8	int main()
9	{
10	    float x1,x2,x3,y1,y2,y3;
11	    int r;
12	    input_triangle(&x1,&y1,&x2,&y2,&x3,&y3);
+l
13	    r=is_triangle(x1,y1,x2,y2,x3,y3);
14	    output(x1,y1,x2,y2,x3,y3,r);
15	    return 0;
16	}
17	
18	void input_triangle(float *x1, float *y1, float *x2, float *y2, float *x3, float *y3)
19	{
20	    printf("Enter co-ordinates of first point :");
21	    scanf("%f%f",x1,y1);
22	    printf("Enter co-ordinates of second point:");
+l
23	    scanf("%f%f",x2,y2);
24	    printf("Enter co-ordinates of third point :");
25	    scanf("%f%f",x3,y3);
26	}
27	
28	float find_distance(float x1, float y1, float x2, float y2)
29	{
30	    float dist=sqrt(((x2-x1)*(x2-x1))+((y2-y1)*(y2-y1)));
31	    return dist;
32	}
+l
33	
34	int is_triangle(float x1, float y1, float x2, float y2,float x3, float y3)
35	{
36	    float dist1=find_distance(x1,y1,x2,y2);
37	    float dist2=find_distance(x1,y1,x3,y3);
38	    float dist3=find_distance(x2,y2,x3,y3);
39	    return ((dist1+dist2>dist3) && (dist1+dist3>dist2) && (dist2+dist3>dist1));
40	}
41	
42	void output(float x1, float y1, float x2, float y2,float x3, float y3, int result)
+l
43	{
44	    if(result==1)
45	    {
46	        printf("The point (%f,%f), (%f,%f) and (%f,%f) forms a Triangle\n",x1,y1,x2,y2,x3,y3);
47	    }
48	    else
49	    {
50	        printf("The point (%f,%f), (%f,%f) and (%f,%f) does not form a Triangle\n",x1,y1,x2,y2,x3,y3);
51	    }
52	}+b 39
Breakpoint 1 at 0x401659: file c:\Users\adity\github-classroom\FPC-advanced\fpc-advanced-classroom-1st-year-assignment-Adi5424k\set03\problem02.c, line 39.
+b 14
Breakpoint 2 at 0x4014e0: file c:\Users\adity\github-classroom\FPC-advanced\fpc-advanced-classroom-1st-year-assignment-Adi5424k\set03\problem02.c, line 14.
+r
Starting program: c:\Users\adity\github-classroom\FPC-advanced\fpc-advanced-classroom-1st-year-assignment-Adi5424k\set03/./problem02.exe 
[New Thread 18280.0x4bbc]
[New Thread 18280.0x30d0]

Breakpoint 1, is_triangle (x1=1, y1=2, x2=2, y2=3, x3=4, y3=5)
    at c:\Users\adity\github-classroom\FPC-advanced\fpc-advanced-classroom-1st-year-assignment-Adi5424k\set03\problem02.c:39
39	    return ((dist1+dist2>dist3) && (dist1+dist3>dist2) && (dist2+dist3>dist1));
+print dist1
$1 = 1.41421354
+print dist2
$2 = 4.2426405
+print dist3
$3 = 2.82842708
+n
40	}
+n

Breakpoint 2, main ()
    at c:\Users\adity\github-classroom\FPC-advanced\fpc-advanced-classroom-1st-year-assignment-Adi5424k\set03\problem02.c:14
14	    output(x1,y1,x2,y2,x3,y3,r);
+print r
$4 = 1
+n
15	    return 0;
+n
16	}
+n
0x00401288 in __register_frame_info ()
+n
Single stepping until exit from function __register_frame_info,
which has no line number information.
0x0040128a in __register_frame_info ()
+q
A debugging session is active.

	Inferior 1 [process 18280] will be killed.

Quit anyway? (y or n) error return ../../gdb-7.6.1/gdb/windows-nat.c:1275 was 5
