+l
1	#include <stdio.h>
2	
3	int input();
4	int find_fibo(int n);
5	void output(int n, int fibo);
6	
7	int main()
8	{
9	    int x,f;
10	    x=input();
+l
11	    f=find_fibo(x);
12	    output(x,f);
13	    return 0;
14	}
15	
16	int input()
17	{
18	    int x;
19	    scanf("%d",&x);
20	    return x;
+l
21	}
22	
23	int find_fibo(int n)
24	{
25	    int c=0;
26	    if(n==1)
27	    {
28	        return 0;
29	    }
30	    else if(n==2 || n==3)
+l
31	    {
32	        return 1;
33	    }
34	    int a=1,b=1;
35	    for(int i=4;i<=n;i++)
36	    {
37	        c=a+b;
38	        a=b;
39	        b=c;
40	    }
+l
41	    return c;
42	}
43	
44	void output(int n, int fibo)
45	{
46	    printf("fibo(%d) = %d",n,fibo);
47	}+b 11
Breakpoint 1 at 0x401477: file c:\Users\adity\github-classroom\FPC-advanced\fpc-advanced-classroom-1st-year-assignment-Adi5424k\set03\problem04.c, line 11.
+b 12
Breakpoint 2 at 0x401487: file c:\Users\adity\github-classroom\FPC-advanced\fpc-advanced-classroom-1st-year-assignment-Adi5424k\set03\problem04.c, line 12.
+info b
Num     Type           Disp Enb Address    What
1       breakpoint     keep y   0x00401477 in main 
                                           at c:\Users\adity\github-classroom\FPC-advanced\fpc-advanced-classroom-1st-year-assignment-Adi5424k\set03\problem04.c:11
2       breakpoint     keep y   0x00401487 in main 
                                           at c:\Users\adity\github-classroom\FPC-advanced\fpc-advanced-classroom-1st-year-assignment-Adi5424k\set03\problem04.c:12
+r
Starting program: C:\Users\adity\github-classroom\FPC-advanced\fpc-advanced-classroom-1st-year-assignment-Adi5424k\set03/./problem04.exe 
[New Thread 1336.0x3164]
[New Thread 1336.0xd58]

Breakpoint 1, main ()
    at c:\Users\adity\github-classroom\FPC-advanced\fpc-advanced-classroom-1st-year-assignment-Adi5424k\set03\problem04.c:11
11	    f=find_fibo(x);
+print x
$1 = 5
+print f
$2 = 0
+n

Breakpoint 2, main ()
    at c:\Users\adity\github-classroom\FPC-advanced\fpc-advanced-classroom-1st-year-assignment-Adi5424k\set03\problem04.c:12
12	    output(x,f);
+print x
$3 = 5
+print f
$4 = 3
+n
13	    return 0;
+n
14	}
+n
0x00401288 in __register_frame_info ()
+q
A debugging session is active.

	Inferior 1 [process 1336] will be killed.

Quit anyway? (y or n) Please answer y or n.
A debugging session is active.

	Inferior 1 [process 1336] will be killed.

Quit anyway? (y or n) error return ../../gdb-7.6.1/gdb/windows-nat.c:1275 was 5
