+l
warning: Source file is more recent than executable.
2	#include <math.h>
3	
4	void input(float *x1, float *y1, float *x2, float *y2);
5	float find_distance(float x1, float y1, float x2, float y2);
6	void output(float x1, float y1, float x2, float y2, float distance);
7	
8	int main()
9	{
10	    float x1,x2,y1,y2,dist;
11	    input(&x1,&y1,&x2,&y2);
+l
12	    dist=find_distance(x1,y1,x2,y2);
13	    output(x1,y1,x2,y2,dist);
14	    return 0;
15	}
16	
17	void input(float *x1, float *y1, float *x2, float *y2)
18	{
19	    printf("Enter co-ordinates of first point:  ");
20	    scanf("%f%f",x1,y1);
21	    printf("Enter co-ordinates of second point: ");
+l
22	    scanf("%f%f",x2,y2);
23	}
24	
25	float find_distance(float x1, float y1, float x2, float y2)
26	{
27	    float dist=sqrt(((x2-x1)*(x2-x1))+((y2-y1)*(y2-y1)));
28	    return dist;
29	}
30	
31	void output(float x1, float y1, float x2, float y2, float distance)
+l
32	{
33	    printf("The distance between point (%f,%f) and (%f,%f) is %f\n",x2,y2,x1,y1,distance);
34	}+b 28
Breakpoint 1 at 0x401581: file c:\Users\adity\github-classroom\FPC-advanced\fpc-advanced-classroom-1st-year-assignment-Adi5424k\set03\problem01.c, line 28.
+r
Starting program: c:\Users\adity\github-classroom\FPC-advanced\fpc-advanced-classroom-1st-year-assignment-Adi5424k\set03/./problem01.exe 
[New Thread 18132.0x4064]
[New Thread 18132.0xbf8]

Breakpoint 1, find_distance (x1=1, y1=2, x2=2, y2=3)
    at c:\Users\adity\github-classroom\FPC-advanced\fpc-advanced-classroom-1st-year-assignment-Adi5424k\set03\problem01.c:28
28	    return dist;
+print x1
$1 = 1
+print x2
$2 = 2
+print y1
$3 = 2
+print y2
$4 = 3
+print dist
$5 = 1.41421354
+n
29	}
+n
main ()
    at c:\Users\adity\github-classroom\FPC-advanced\fpc-advanced-classroom-1st-year-assignment-Adi5424k\set03\problem01.c:13
13	    output(x1,y1,x2,y2,dist);
+n
14	    return 0;
+n
15	}
+q
A debugging session is active.

	Inferior 1 [process 18132] will be killed.

Quit anyway? (y or n) error return ../../gdb-7.6.1/gdb/windows-nat.c:1275 was 5
