+b 30
Breakpoint 1 at 0x401572: file c:\Users\adity\github-classroom\FPC-advanced\fpc-advanced-classroom-1st-year-assignment-Adi5424k\set03\problem06.c, line 30.
+r
Starting program: C:\Users\adity\github-classroom\FPC-advanced\fpc-advanced-classroom-1st-year-assignment-Adi5424k\set03/./problem06.exe 
[New Thread 16088.0x3fc4]
[New Thread 16088.0xc80]

Breakpoint 1, sub_str_index (string=0x61feb8 "helloworldhello", substring=0x61fe54 "world")
    at c:\Users\adity\github-classroom\FPC-advanced\fpc-advanced-classroom-1st-year-assignment-Adi5424k\set03\problem06.c:30
30	    for(i=0;i<len1;i++)
+print len1
$1 = 15
+print len2
$2 = 5
+n
32	        if(string[i]==substring[i])
+n
30	    for(i=0;i<len1;i++)
+n
32	        if(string[i]==substring[i])
+n
30	    for(i=0;i<len1;i++)
+n
32	        if(string[i]==substring[i])
+n
30	    for(i=0;i<len1;i++)
+n
32	        if(string[i]==substring[i])
+n
34	            for(j=0;j<len2;j++)
+n
36	                if(substring[j]!=string[j])
+print i
$3 = 3
+print j
$4 = 0
+n
38	                    break;
+m
Ambiguous command "m": macro, maintenance, make, mem, monitor, mt.
+n
30	    for(i=0;i<len1;i++)
+n
32	        if(string[i]==substring[i])
+n
30	    for(i=0;i<len1;i++)
+n
32	        if(string[i]==substring[i])
+print i
$5 = 5
+n
30	    for(i=0;i<len1;i++)
+n
32	        if(string[i]==substring[i])
+print n
No symbol "n" in current context.
+q
A debugging session is active.

	Inferior 1 [process 16088] will be killed.

Quit anyway? (y or n) error return ../../gdb-7.6.1/gdb/windows-nat.c:1275 was 5
+l
1	#include <stdio.h>
2	
3	void input_string(char* a, char* b);
4	int sub_str_index(char* string, char* substring);
5	void output(char *string, char *substring, int index);
6	
7	int main()
8	{
9	    char str[100],substr[100];
10	    int i=0;
+l
11	    input_string(str,substr);
12	    i=sub_str_index(str,substr);
13	    output(str,substr,i);
14	    return 0;
15	}
16	
17	void input_string(char* a, char* b)
18	{
19	    printf("Enter string: ");
20	    scanf("%s",a);
+l
21	    printf("Enter substring: ");
22	    scanf("%s",b);
23	}
24	
25	int sub_str_index(char* string, char* substring)
26	{
27	    int i=0,j=0,len1=0,len2=0;
28	    for(len1=0;string[len1]!='\0';len1++);
29	    for(len2=0;substring[len2]!='\0';len2++);
30	    for(i=0;i<len1;i++)
+l
31	    {
32	        if(string[i]==substring[0])
33	        {
34	            for(j=0;j<len2;j++)
35	            {
36	                if(substring[j]!=string[i])
37	                {
38	                    break;
39	                }
40	                else
+l
41	                { return i; }
42	            }
43	        }
44	    }
45	}
46	
47	void output(char *string, char *substring, int index)
48	{
49	    printf("The index of '%s' in '%s' is %d",substring,string,index);
50	}+info b
No breakpoints or watchpoints.
+b 12
Breakpoint 1 at 0x401490: file c:\Users\adity\github-classroom\FPC-advanced\fpc-advanced-classroom-1st-year-assignment-Adi5424k\set03\problem06.c, line 12.
+b 13
Breakpoint 2 at 0x4014ab: file c:\Users\adity\github-classroom\FPC-advanced\fpc-advanced-classroom-1st-year-assignment-Adi5424k\set03\problem06.c, line 13.
+r
Starting program: C:\Users\adity\github-classroom\FPC-advanced\fpc-advanced-classroom-1st-year-assignment-Adi5424k\set03/./problem06.exe 
[New Thread 16980.0x818]
[New Thread 16980.0x3b6c]

Breakpoint 1, main ()
    at c:\Users\adity\github-classroom\FPC-advanced\fpc-advanced-classroom-1st-year-assignment-Adi5424k\set03\problem06.c:12
12	    i=sub_str_index(str,substr);
+print str
$1 = "adityasunil\000\b\000\000\000}\201\bvc\201\bvæ\n\r&à\022@\000à\022@\000\000\000\000\000°\032@\000Ðþa\000\bÿa\000Ìÿa\000pá\bvb+aPþÿÿÿ\bÿa\000m‚\bv°\032@\000Tÿa\000\v\033@\000°\032@\000\000\rÂ\000\000\000\000"
+print substr
$2 = "sunil\000a\000’~\av\000\000Â\000\000\000\000\000à&Â\000\262\n\r&\b\000\000\000à&Â\000è&Â\000à\022@\000\060\024@\000\001\000\000\000?‚\bv\200\000\000\000lþa\000ì&Â\000¤þa\000à\022@\000°\032@\000\000\000\000\000?‚\bvì&Â\000¼þa\000u‡	v"
+n

Breakpoint 2, main ()
    at c:\Users\adity\github-classroom\FPC-advanced\fpc-advanced-classroom-1st-year-assignment-Adi5424k\set03\problem06.c:13
13	    output(str,substr,i);
+print i
$3 = 6
+n
14	    return 0;
+n
15	}
+n
0x00401288 in __register_frame_info ()
+q
A debugging session is active.

	Inferior 1 [process 16980] will be killed.

Quit anyway? (y or n) error return ../../gdb-7.6.1/gdb/windows-nat.c:1275 was 5
