+b 12
Breakpoint 1 at 0x40148a: file c:\Users\adity\github-classroom\FPC-advanced\fpc-advanced-classroom-1st-year-assignment-Adi5424k\set01\problem08.c, line 12.
+b 15
Breakpoint 2 at 0x4014f0: file c:\Users\adity\github-classroom\FPC-advanced\fpc-advanced-classroom-1st-year-assignment-Adi5424k\set01\problem08.c, line 15.
+b 44
Breakpoint 3 at 0x4015c3: file c:\Users\adity\github-classroom\FPC-advanced\fpc-advanced-classroom-1st-year-assignment-Adi5424k\set01\problem08.c, line 44.
+r
Starting program: c:\Users\adity\github-classroom\FPC-advanced\fpc-advanced-classroom-1st-year-assignment-Adi5424k\set01/./problem08.exe 
[New Thread 4944.0x305c]
[New Thread 4944.0x2fe0]

Breakpoint 1, main ()
    at c:\Users\adity\github-classroom\FPC-advanced\fpc-advanced-classroom-1st-year-assignment-Adi5424k\set01\problem08.c:12
12	    int a[x];
+print x
$1 = 3
+n
13	    input_array(x,a);
+n
14	    sum=sum_n_array(x,a);
+n

Breakpoint 3, sum_n_array (n=3, a=0x61feec)
    at c:\Users\adity\github-classroom\FPC-advanced\fpc-advanced-classroom-1st-year-assignment-Adi5424k\set01\problem08.c:44
44	    return sum;
+print sum
$2 = 6
+n
45	}
+n

Breakpoint 2, main ()
    at c:\Users\adity\github-classroom\FPC-advanced\fpc-advanced-classroom-1st-year-assignment-Adi5424k\set01\problem08.c:15
15	    output(x,a,sum);
+n
16	    return 0;
+n
17	}
+n
0x00401288 in __register_frame_info ()
+q
A debugging session is active.

	Inferior 1 [process 4944] will be killed.

Quit anyway? (y or n) error return ../../gdb-7.6.1/gdb/windows-nat.c:1275 was 5
