+b 13
Breakpoint 1 at 0x4014ac: file c:\Users\adity\github-classroom\FPC-advanced\fpc-advanced-classroom-1st-year-assignment-Adi5424k\set05\problem04.c, line 13.
+r
Starting program: c:\Users\adity\github-classroom\FPC-advanced\fpc-advanced-classroom-1st-year-assignment-Adi5424k\set05/./problem04.exe 
[New Thread 17540.0x4434]
[New Thread 17540.0x4430]

Breakpoint 1, main ()
    at c:\Users\adity\github-classroom\FPC-advanced\fpc-advanced-classroom-1st-year-assignment-Adi5424k\set05\problem04.c:13
13	    output(r,h,l,m);
+print r
$1 = 1
+print h
$2 = 2
+print l
$3 = 3
+print m
$4 = -1
+n
14	    return 0;
+n
15	}
+n
0x00401288 in __register_frame_info ()
+q
A debugging session is active.

	Inferior 1 [process 17540] will be killed.

Quit anyway? (y or n) error return ../../gdb-7.6.1/gdb/windows-nat.c:1275 was 5
