+b 30
Breakpoint 1 at 0x401581: file c:\Users\adity\github-classroom\FPC-advanced\fpc-advanced-classroom-1st-year-assignment-Adi5424k\set05\problem02.c, line 30.
+r
Starting program: c:\Users\adity\github-classroom\FPC-advanced\fpc-advanced-classroom-1st-year-assignment-Adi5424k\set05/./problem02.exe 
[New Thread 4828.0x4370]
[New Thread 4828.0x2c14]

Breakpoint 1, find_weight (radius=1, height=1, length=1)
    at c:\Users\adity\github-classroom\FPC-advanced\fpc-advanced-classroom-1st-year-assignment-Adi5424k\set05\problem02.c:30
30	    return weight;
+print height
$1 = 1
+print weight
$2 = 3.1415
+n
31	}
+n
main ()
    at c:\Users\adity\github-classroom\FPC-advanced\fpc-advanced-classroom-1st-year-assignment-Adi5424k\set05\problem02.c:13
13	    output(r,h,l,w);
+print w
$3 = 3.1415
+n
14	    return 0;
+n
15	}
+n
0x00401288 in __register_frame_info ()
+q
A debugging session is active.

	Inferior 1 [process 4828] will be killed.

Quit anyway? (y or n) error return ../../gdb-7.6.1/gdb/windows-nat.c:1275 was 5
