+l
10	
11	Point input();
12	void dist(Point a, Point b, float *res);
13	void output(Point a, Point b, float res);
14	
15	int main()
16	{
17	  Point a,b;
18	  float distance;
19	  a=input();
+b 36
Breakpoint 1 at 0x401551: file c:\Users\adity\github-classroom\FPC-advanced\fpc-advanced-classroom-1st-year-assignment-Adi5424k\set05\problem01.c, line 36.
+r
Starting program: c:\Users\adity\github-classroom\FPC-advanced\fpc-advanced-classroom-1st-year-assignment-Adi5424k\set05/./problem01.exe 
[New Thread 17000.0x3d90]
[New Thread 17000.0x36c4]

Breakpoint 1, dist (a=..., b=..., res=0x61ff0c)
    at c:\Users\adity\github-classroom\FPC-advanced\fpc-advanced-classroom-1st-year-assignment-Adi5424k\set05\problem01.c:36
36	}
+print res
$1 = (float *) 0x61ff0c
+n
main ()
    at c:\Users\adity\github-classroom\FPC-advanced\fpc-advanced-classroom-1st-year-assignment-Adi5424k\set05\problem01.c:22
22	  output(a,b,distance);
+print distance
$2 = 2.82842708
+n
23	  return 0;
+n
24	}
+n
0x00401288 in __register_frame_info ()
+q
A debugging session is active.

	Inferior 1 [process 17000] will be killed.

Quit anyway? (y or n) error return ../../gdb-7.6.1/gdb/windows-nat.c:1275 was 5
